<?xml version="1.0" encoding="UTF-8"?>
<!-- Generated by org.testng.reporters.JUnitReportReporter -->
<testsuite hostname="DESKTOP-04QREPO" failures="0" tests="3" name="org.gravityer.LoginTest" time="9.699" errors="0" timestamp="2025-10-08T17:37:53 IST" skipped="0">
  <testcase classname="org.gravityer.LoginTest" name="loginTest" time="5.481"/>
  <testcase classname="org.gravityer.LoginTest" name="selectProduct" time="2.110"/>
  <testcase classname="org.gravityer.LoginTest" name="logoutTest" time="2.108"/>
</testsuite> <!-- org.gravityer.LoginTest -->
