<?xml version="1.0" encoding="UTF-8"?>
<testng-results ignored="0" total="3" passed="3" failed="0" skipped="0">
  <reporter-output>
  </reporter-output>
  <suite started-at="2025-10-08T17:37:37 IST" name="Default suite" finished-at="2025-10-08T17:37:52 IST" duration-ms="14990">
    <groups>
    </groups>
    <test started-at="2025-10-08T17:37:37 IST" name="Default test" finished-at="2025-10-08T17:37:52 IST" duration-ms="14990">
      <class name="org.gravityer.LoginTest">
        <test-method is-config="true" signature="setup()[pri:0, instance:org.gravityer.LoginTest@40a4337a]" started-at="2025-10-08T17:37:37 IST" name="setup" finished-at="2025-10-08T17:37:43 IST" duration-ms="5114" status="PASS">
          <reporter-output>
          </reporter-output>
        </test-method> <!-- setup -->
        <test-method signature="loginTest()[pri:1, instance:org.gravityer.LoginTest@40a4337a]" started-at="2025-10-08T17:37:43 IST" name="loginTest" finished-at="2025-10-08T17:37:48 IST" duration-ms="5481" status="PASS">
          <reporter-output>
          </reporter-output>
        </test-method> <!-- loginTest -->
        <test-method signature="selectProduct()[pri:2, instance:org.gravityer.LoginTest@40a4337a]" started-at="2025-10-08T17:37:48 IST" name="selectProduct" finished-at="2025-10-08T17:37:50 IST" duration-ms="2110" status="PASS">
          <reporter-output>
          </reporter-output>
        </test-method> <!-- selectProduct -->
        <test-method signature="logoutTest()[pri:3, instance:org.gravityer.LoginTest@40a4337a]" started-at="2025-10-08T17:37:50 IST" name="logoutTest" finished-at="2025-10-08T17:37:52 IST" duration-ms="2108" status="PASS">
          <reporter-output>
          </reporter-output>
        </test-method> <!-- logoutTest -->
        <test-method is-config="true" signature="tearDown()[pri:0, instance:org.gravityer.LoginTest@40a4337a]" started-at="2025-10-08T17:37:52 IST" name="tearDown" finished-at="2025-10-08T17:37:52 IST" duration-ms="124" status="PASS">
          <reporter-output>
          </reporter-output>
        </test-method> <!-- tearDown -->
      </class> <!-- org.gravityer.LoginTest -->
    </test> <!-- Default test -->
  </suite> <!-- Default suite -->
</testng-results>
