<?xml version="1.0" encoding="UTF-8"?>
<!-- Generated by org.testng.reporters.JUnitXMLReporter -->
<testsuite ignored="0" hostname="DESKTOP-04QREPO" failures="0" tests="3" name="Default test" time="14.99" errors="0" timestamp="2025-10-08T17:37:52 IST">
  <testcase classname="org.gravityer.LoginTest" name="loginTest" time="5.481"/>
  <testcase classname="org.gravityer.LoginTest" name="selectProduct" time="2.11"/>
  <testcase classname="org.gravityer.LoginTest" name="logoutTest" time="2.108"/>
</testsuite> <!-- Default test -->
